    		

    		<< Start of Message >>
    		There was a hacking attempt on your form. 
 
    		Date of Attack: 20 Jul 2014
    		IP-Adress: 127.0.0.1 

    		Host of Attacker: Ad-PC
    		Point of Attack: Unknown form fields
    		<< End of Message >>    		

    		<< Start of Message >>
    		There was a hacking attempt on your form. 
 
    		Date of Attack: 20 Jul 2014
    		IP-Adress: 127.0.0.1 

    		Host of Attacker: Ad-PC
    		Point of Attack: Unknown form fields
    		<< End of Message >>    		

    		<< Start of Message >>
    		There was a hacking attempt on your form. 
 
    		Date of Attack: 20 Jul 2014
    		IP-Adress: 127.0.0.1 

    		Host of Attacker: Ad-PC
    		Point of Attack: Unknown form fields
    		<< End of Message >>    		

    		<< Start of Message >>
    		There was a hacking attempt on your form. 
 
    		Date of Attack: 20 Jul 2014
    		IP-Adress: 127.0.0.1 

    		Host of Attacker: Ad-PC
    		Point of Attack: Unknown form fields
    		<< End of Message >>